<?xml version="1.0" encoding="UTF-8"?>
<testsuite xmlns:xsi="http://www.w3.org/2001/XMLSchema-instance" xsi:noNamespaceSchemaLocation="https://maven.apache.org/surefire/maven-surefire-plugin/xsd/surefire-test-report-3.0.xsd" version="3.0" name="com.example.document_flow.DocumentFlowApplicationTests" time="11.268" tests="1" errors="0" skipped="0" failures="0">
  <properties>
    <property name="java.specification.version" value="21"/>
    <property name="sun.cpu.isalist" value="amd64"/>
    <property name="sun.jnu.encoding" value="Cp1251"/>
    <property name="java.class.path" value="D:\Java\document-flow\target\test-classes;D:\Java\document-flow\target\classes;C:\Users\sivuha\.m2\repository\org\springframework\boot\spring-boot-starter-data-jdbc\3.2.1\spring-boot-starter-data-jdbc-3.2.1.jar;C:\Users\sivuha\.m2\repository\org\springframework\boot\spring-boot-starter-jdbc\3.2.1\spring-boot-starter-jdbc-3.2.1.jar;C:\Users\sivuha\.m2\repository\com\zaxxer\HikariCP\5.0.1\HikariCP-5.0.1.jar;C:\Users\sivuha\.m2\repository\org\springframework\spring-jdbc\6.1.2\spring-jdbc-6.1.2.jar;C:\Users\sivuha\.m2\repository\org\springframework\data\spring-data-jdbc\3.2.1\spring-data-jdbc-3.2.1.jar;C:\Users\sivuha\.m2\repository\org\springframework\data\spring-data-relational\3.2.1\spring-data-relational-3.2.1.jar;C:\Users\sivuha\.m2\repository\com\github\jsqlparser\jsqlparser\4.6\jsqlparser-4.6.jar;C:\Users\sivuha\.m2\repository\org\springframework\data\spring-data-commons\3.2.1\spring-data-commons-3.2.1.jar;C:\Users\sivuha\.m2\repository\org\springframework\spring-tx\6.1.2\spring-tx-6.1.2.jar;C:\Users\sivuha\.m2\repository\org\slf4j\slf4j-api\2.0.9\slf4j-api-2.0.9.jar;C:\Users\sivuha\.m2\repository\org\springframework\boot\spring-boot-starter-data-jpa\3.2.1\spring-boot-starter-data-jpa-3.2.1.jar;C:\Users\sivuha\.m2\repository\org\springframework\boot\spring-boot-starter-aop\3.2.1\spring-boot-starter-aop-3.2.1.jar;C:\Users\sivuha\.m2\repository\org\aspectj\aspectjweaver\1.9.21\aspectjweaver-1.9.21.jar;C:\Users\sivuha\.m2\repository\org\hibernate\orm\hibernate-core\6.4.1.Final\hibernate-core-6.4.1.Final.jar;C:\Users\sivuha\.m2\repository\jakarta\persistence\jakarta.persistence-api\3.1.0\jakarta.persistence-api-3.1.0.jar;C:\Users\sivuha\.m2\repository\jakarta\transaction\jakarta.transaction-api\2.0.1\jakarta.transaction-api-2.0.1.jar;C:\Users\sivuha\.m2\repository\org\jboss\logging\jboss-logging\3.5.3.Final\jboss-logging-3.5.3.Final.jar;C:\Users\sivuha\.m2\repository\org\hibernate\common\hibernate-commons-annotations\6.0.6.Final\hibernate-commons-annotations-6.0.6.Final.jar;C:\Users\sivuha\.m2\repository\io\smallrye\jandex\3.1.2\jandex-3.1.2.jar;C:\Users\sivuha\.m2\repository\com\fasterxml\classmate\1.6.0\classmate-1.6.0.jar;C:\Users\sivuha\.m2\repository\net\bytebuddy\byte-buddy\1.14.10\byte-buddy-1.14.10.jar;C:\Users\sivuha\.m2\repository\org\glassfish\jaxb\jaxb-runtime\4.0.4\jaxb-runtime-4.0.4.jar;C:\Users\sivuha\.m2\repository\org\glassfish\jaxb\jaxb-core\4.0.4\jaxb-core-4.0.4.jar;C:\Users\sivuha\.m2\repository\org\eclipse\angus\angus-activation\2.0.1\angus-activation-2.0.1.jar;C:\Users\sivuha\.m2\repository\org\glassfish\jaxb\txw2\4.0.4\txw2-4.0.4.jar;C:\Users\sivuha\.m2\repository\com\sun\istack\istack-commons-runtime\4.1.2\istack-commons-runtime-4.1.2.jar;C:\Users\sivuha\.m2\repository\jakarta\inject\jakarta.inject-api\2.0.1\jakarta.inject-api-2.0.1.jar;C:\Users\sivuha\.m2\repository\org\antlr\antlr4-runtime\4.13.0\antlr4-runtime-4.13.0.jar;C:\Users\sivuha\.m2\repository\org\springframework\data\spring-data-jpa\3.2.1\spring-data-jpa-3.2.1.jar;C:\Users\sivuha\.m2\repository\org\springframework\spring-orm\6.1.2\spring-orm-6.1.2.jar;C:\Users\sivuha\.m2\repository\org\springframework\spring-aspects\6.1.2\spring-aspects-6.1.2.jar;C:\Users\sivuha\.m2\repository\org\springframework\security\spring-security-core\6.1.7\spring-security-core-6.1.7.jar;C:\Users\sivuha\.m2\repository\org\springframework\security\spring-security-crypto\6.2.1\spring-security-crypto-6.2.1.jar;C:\Users\sivuha\.m2\repository\org\springframework\spring-aop\6.1.2\spring-aop-6.1.2.jar;C:\Users\sivuha\.m2\repository\org\springframework\spring-beans\6.1.2\spring-beans-6.1.2.jar;C:\Users\sivuha\.m2\repository\org\springframework\spring-context\6.1.2\spring-context-6.1.2.jar;C:\Users\sivuha\.m2\repository\org\springframework\spring-core\6.1.2\spring-core-6.1.2.jar;C:\Users\sivuha\.m2\repository\org\springframework\spring-jcl\6.1.2\spring-jcl-6.1.2.jar;C:\Users\sivuha\.m2\repository\org\springframework\spring-expression\6.1.2\spring-expression-6.1.2.jar;C:\Users\sivuha\.m2\repository\io\micrometer\micrometer-observation\1.12.1\micrometer-observation-1.12.1.jar;C:\Users\sivuha\.m2\repository\io\micrometer\micrometer-commons\1.12.1\micrometer-commons-1.12.1.jar;C:\Users\sivuha\.m2\repository\org\springframework\boot\spring-boot-starter-validation\3.2.1\spring-boot-starter-validation-3.2.1.jar;C:\Users\sivuha\.m2\repository\org\springframework\boot\spring-boot-starter\3.2.1\spring-boot-starter-3.2.1.jar;C:\Users\sivuha\.m2\repository\org\springframework\boot\spring-boot\3.2.1\spring-boot-3.2.1.jar;C:\Users\sivuha\.m2\repository\org\springframework\boot\spring-boot-autoconfigure\3.2.1\spring-boot-autoconfigure-3.2.1.jar;C:\Users\sivuha\.m2\repository\org\springframework\boot\spring-boot-starter-logging\3.2.1\spring-boot-starter-logging-3.2.1.jar;C:\Users\sivuha\.m2\repository\ch\qos\logback\logback-classic\1.4.14\logback-classic-1.4.14.jar;C:\Users\sivuha\.m2\repository\ch\qos\logback\logback-core\1.4.14\logback-core-1.4.14.jar;C:\Users\sivuha\.m2\repository\org\apache\logging\log4j\log4j-to-slf4j\2.21.1\log4j-to-slf4j-2.21.1.jar;C:\Users\sivuha\.m2\repository\org\apache\logging\log4j\log4j-api\2.21.1\log4j-api-2.21.1.jar;C:\Users\sivuha\.m2\repository\org\slf4j\jul-to-slf4j\2.0.9\jul-to-slf4j-2.0.9.jar;C:\Users\sivuha\.m2\repository\org\yaml\snakeyaml\2.2\snakeyaml-2.2.jar;C:\Users\sivuha\.m2\repository\org\apache\tomcat\embed\tomcat-embed-el\10.1.17\tomcat-embed-el-10.1.17.jar;C:\Users\sivuha\.m2\repository\org\hibernate\validator\hibernate-validator\8.0.1.Final\hibernate-validator-8.0.1.Final.jar;C:\Users\sivuha\.m2\repository\jakarta\validation\jakarta.validation-api\3.0.2\jakarta.validation-api-3.0.2.jar;C:\Users\sivuha\.m2\repository\org\apache\poi\poi\4.1.2\poi-4.1.2.jar;C:\Users\sivuha\.m2\repository\commons-codec\commons-codec\1.16.0\commons-codec-1.16.0.jar;C:\Users\sivuha\.m2\repository\org\apache\commons\commons-collections4\4.4\commons-collections4-4.4.jar;C:\Users\sivuha\.m2\repository\org\apache\commons\commons-math3\3.6.1\commons-math3-3.6.1.jar;C:\Users\sivuha\.m2\repository\com\zaxxer\SparseBitSet\1.2\SparseBitSet-1.2.jar;C:\Users\sivuha\.m2\repository\org\springframework\boot\spring-boot-starter-web\3.2.1\spring-boot-starter-web-3.2.1.jar;C:\Users\sivuha\.m2\repository\org\springframework\boot\spring-boot-starter-json\3.2.1\spring-boot-starter-json-3.2.1.jar;C:\Users\sivuha\.m2\repository\com\fasterxml\jackson\core\jackson-databind\2.15.3\jackson-databind-2.15.3.jar;C:\Users\sivuha\.m2\repository\com\fasterxml\jackson\core\jackson-annotations\2.15.3\jackson-annotations-2.15.3.jar;C:\Users\sivuha\.m2\repository\com\fasterxml\jackson\core\jackson-core\2.15.3\jackson-core-2.15.3.jar;C:\Users\sivuha\.m2\repository\com\fasterxml\jackson\datatype\jackson-datatype-jdk8\2.15.3\jackson-datatype-jdk8-2.15.3.jar;C:\Users\sivuha\.m2\repository\com\fasterxml\jackson\datatype\jackson-datatype-jsr310\2.15.3\jackson-datatype-jsr310-2.15.3.jar;C:\Users\sivuha\.m2\repository\com\fasterxml\jackson\module\jackson-module-parameter-names\2.15.3\jackson-module-parameter-names-2.15.3.jar;C:\Users\sivuha\.m2\repository\org\springframework\spring-web\6.1.2\spring-web-6.1.2.jar;C:\Users\sivuha\.m2\repository\org\springframework\spring-webmvc\6.1.2\spring-webmvc-6.1.2.jar;C:\Users\sivuha\.m2\repository\org\postgresql\postgresql\42.6.0\postgresql-42.6.0.jar;C:\Users\sivuha\.m2\repository\org\checkerframework\checker-qual\3.31.0\checker-qual-3.31.0.jar;C:\Users\sivuha\.m2\repository\org\projectlombok\lombok\1.18.30\lombok-1.18.30.jar;C:\Users\sivuha\.m2\repository\org\springframework\boot\spring-boot-starter-tomcat\3.2.1\spring-boot-starter-tomcat-3.2.1.jar;C:\Users\sivuha\.m2\repository\jakarta\annotation\jakarta.annotation-api\2.1.1\jakarta.annotation-api-2.1.1.jar;C:\Users\sivuha\.m2\repository\org\apache\tomcat\embed\tomcat-embed-core\10.1.17\tomcat-embed-core-10.1.17.jar;C:\Users\sivuha\.m2\repository\org\apache\tomcat\embed\tomcat-embed-websocket\10.1.17\tomcat-embed-websocket-10.1.17.jar;C:\Users\sivuha\.m2\repository\org\springframework\boot\spring-boot-starter-test\3.2.1\spring-boot-starter-test-3.2.1.jar;C:\Users\sivuha\.m2\repository\org\springframework\boot\spring-boot-test\3.2.1\spring-boot-test-3.2.1.jar;C:\Users\sivuha\.m2\repository\org\springframework\boot\spring-boot-test-autoconfigure\3.2.1\spring-boot-test-autoconfigure-3.2.1.jar;C:\Users\sivuha\.m2\repository\com\jayway\jsonpath\json-path\2.8.0\json-path-2.8.0.jar;C:\Users\sivuha\.m2\repository\jakarta\xml\bind\jakarta.xml.bind-api\4.0.1\jakarta.xml.bind-api-4.0.1.jar;C:\Users\sivuha\.m2\repository\jakarta\activation\jakarta.activation-api\2.1.2\jakarta.activation-api-2.1.2.jar;C:\Users\sivuha\.m2\repository\net\minidev\json-smart\2.5.0\json-smart-2.5.0.jar;C:\Users\sivuha\.m2\repository\net\minidev\accessors-smart\2.5.0\accessors-smart-2.5.0.jar;C:\Users\sivuha\.m2\repository\org\ow2\asm\asm\9.3\asm-9.3.jar;C:\Users\sivuha\.m2\repository\org\assertj\assertj-core\3.24.2\assertj-core-3.24.2.jar;C:\Users\sivuha\.m2\repository\org\awaitility\awaitility\4.2.0\awaitility-4.2.0.jar;C:\Users\sivuha\.m2\repository\org\hamcrest\hamcrest\2.2\hamcrest-2.2.jar;C:\Users\sivuha\.m2\repository\org\junit\jupiter\junit-jupiter\5.10.1\junit-jupiter-5.10.1.jar;C:\Users\sivuha\.m2\repository\org\junit\jupiter\junit-jupiter-api\5.10.1\junit-jupiter-api-5.10.1.jar;C:\Users\sivuha\.m2\repository\org\opentest4j\opentest4j\1.3.0\opentest4j-1.3.0.jar;C:\Users\sivuha\.m2\repository\org\junit\platform\junit-platform-commons\1.10.1\junit-platform-commons-1.10.1.jar;C:\Users\sivuha\.m2\repository\org\apiguardian\apiguardian-api\1.1.2\apiguardian-api-1.1.2.jar;C:\Users\sivuha\.m2\repository\org\junit\jupiter\junit-jupiter-params\5.10.1\junit-jupiter-params-5.10.1.jar;C:\Users\sivuha\.m2\repository\org\junit\jupiter\junit-jupiter-engine\5.10.1\junit-jupiter-engine-5.10.1.jar;C:\Users\sivuha\.m2\repository\org\junit\platform\junit-platform-engine\1.10.1\junit-platform-engine-1.10.1.jar;C:\Users\sivuha\.m2\repository\org\mockito\mockito-core\5.7.0\mockito-core-5.7.0.jar;C:\Users\sivuha\.m2\repository\net\bytebuddy\byte-buddy-agent\1.14.10\byte-buddy-agent-1.14.10.jar;C:\Users\sivuha\.m2\repository\org\objenesis\objenesis\3.3\objenesis-3.3.jar;C:\Users\sivuha\.m2\repository\org\mockito\mockito-junit-jupiter\5.7.0\mockito-junit-jupiter-5.7.0.jar;C:\Users\sivuha\.m2\repository\org\skyscreamer\jsonassert\1.5.1\jsonassert-1.5.1.jar;C:\Users\sivuha\.m2\repository\com\vaadin\external\google\android-json\0.0.20131108.vaadin1\android-json-0.0.20131108.vaadin1.jar;C:\Users\sivuha\.m2\repository\org\springframework\spring-test\6.1.2\spring-test-6.1.2.jar;C:\Users\sivuha\.m2\repository\org\xmlunit\xmlunit-core\2.9.1\xmlunit-core-2.9.1.jar;C:\Users\sivuha\.m2\repository\io\jsonwebtoken\jjwt\0.12.5\jjwt-0.12.5.jar;C:\Users\sivuha\.m2\repository\io\jsonwebtoken\jjwt-api\0.12.5\jjwt-api-0.12.5.jar;C:\Users\sivuha\.m2\repository\io\jsonwebtoken\jjwt-impl\0.12.5\jjwt-impl-0.12.5.jar;C:\Users\sivuha\.m2\repository\io\jsonwebtoken\jjwt-jackson\0.12.5\jjwt-jackson-0.12.5.jar;"/>
    <property name="java.vm.vendor" value="Oracle Corporation"/>
    <property name="sun.arch.data.model" value="64"/>
    <property name="user.variant" value=""/>
    <property name="java.vendor.url" value="https://java.oracle.com/"/>
    <property name="user.timezone" value="Europe/Moscow"/>
    <property name="org.jboss.logging.provider" value="slf4j"/>
    <property name="os.name" value="Windows 10"/>
    <property name="java.vm.specification.version" value="21"/>
    <property name="sun.java.launcher" value="SUN_STANDARD"/>
    <property name="user.country" value="RU"/>
    <property name="sun.boot.library.path" value="C:\Program Files\Java\jdk-21\bin"/>
    <property name="sun.java.command" value="C:\Users\sivuha\AppData\Local\Temp\surefire7821961370541577646\surefirebooter-20240325164533060_3.jar C:\Users\sivuha\AppData\Local\Temp\surefire7821961370541577646 2024-03-25T16-45-32_861-jvmRun1 surefire-20240325164533060_1tmp surefire_0-20240325164533060_2tmp"/>
    <property name="jdk.debug" value="release"/>
    <property name="surefire.test.class.path" value="D:\Java\document-flow\target\test-classes;D:\Java\document-flow\target\classes;C:\Users\sivuha\.m2\repository\org\springframework\boot\spring-boot-starter-data-jdbc\3.2.1\spring-boot-starter-data-jdbc-3.2.1.jar;C:\Users\sivuha\.m2\repository\org\springframework\boot\spring-boot-starter-jdbc\3.2.1\spring-boot-starter-jdbc-3.2.1.jar;C:\Users\sivuha\.m2\repository\com\zaxxer\HikariCP\5.0.1\HikariCP-5.0.1.jar;C:\Users\sivuha\.m2\repository\org\springframework\spring-jdbc\6.1.2\spring-jdbc-6.1.2.jar;C:\Users\sivuha\.m2\repository\org\springframework\data\spring-data-jdbc\3.2.1\spring-data-jdbc-3.2.1.jar;C:\Users\sivuha\.m2\repository\org\springframework\data\spring-data-relational\3.2.1\spring-data-relational-3.2.1.jar;C:\Users\sivuha\.m2\repository\com\github\jsqlparser\jsqlparser\4.6\jsqlparser-4.6.jar;C:\Users\sivuha\.m2\repository\org\springframework\data\spring-data-commons\3.2.1\spring-data-commons-3.2.1.jar;C:\Users\sivuha\.m2\repository\org\springframework\spring-tx\6.1.2\spring-tx-6.1.2.jar;C:\Users\sivuha\.m2\repository\org\slf4j\slf4j-api\2.0.9\slf4j-api-2.0.9.jar;C:\Users\sivuha\.m2\repository\org\springframework\boot\spring-boot-starter-data-jpa\3.2.1\spring-boot-starter-data-jpa-3.2.1.jar;C:\Users\sivuha\.m2\repository\org\springframework\boot\spring-boot-starter-aop\3.2.1\spring-boot-starter-aop-3.2.1.jar;C:\Users\sivuha\.m2\repository\org\aspectj\aspectjweaver\1.9.21\aspectjweaver-1.9.21.jar;C:\Users\sivuha\.m2\repository\org\hibernate\orm\hibernate-core\6.4.1.Final\hibernate-core-6.4.1.Final.jar;C:\Users\sivuha\.m2\repository\jakarta\persistence\jakarta.persistence-api\3.1.0\jakarta.persistence-api-3.1.0.jar;C:\Users\sivuha\.m2\repository\jakarta\transaction\jakarta.transaction-api\2.0.1\jakarta.transaction-api-2.0.1.jar;C:\Users\sivuha\.m2\repository\org\jboss\logging\jboss-logging\3.5.3.Final\jboss-logging-3.5.3.Final.jar;C:\Users\sivuha\.m2\repository\org\hibernate\common\hibernate-commons-annotations\6.0.6.Final\hibernate-commons-annotations-6.0.6.Final.jar;C:\Users\sivuha\.m2\repository\io\smallrye\jandex\3.1.2\jandex-3.1.2.jar;C:\Users\sivuha\.m2\repository\com\fasterxml\classmate\1.6.0\classmate-1.6.0.jar;C:\Users\sivuha\.m2\repository\net\bytebuddy\byte-buddy\1.14.10\byte-buddy-1.14.10.jar;C:\Users\sivuha\.m2\repository\org\glassfish\jaxb\jaxb-runtime\4.0.4\jaxb-runtime-4.0.4.jar;C:\Users\sivuha\.m2\repository\org\glassfish\jaxb\jaxb-core\4.0.4\jaxb-core-4.0.4.jar;C:\Users\sivuha\.m2\repository\org\eclipse\angus\angus-activation\2.0.1\angus-activation-2.0.1.jar;C:\Users\sivuha\.m2\repository\org\glassfish\jaxb\txw2\4.0.4\txw2-4.0.4.jar;C:\Users\sivuha\.m2\repository\com\sun\istack\istack-commons-runtime\4.1.2\istack-commons-runtime-4.1.2.jar;C:\Users\sivuha\.m2\repository\jakarta\inject\jakarta.inject-api\2.0.1\jakarta.inject-api-2.0.1.jar;C:\Users\sivuha\.m2\repository\org\antlr\antlr4-runtime\4.13.0\antlr4-runtime-4.13.0.jar;C:\Users\sivuha\.m2\repository\org\springframework\data\spring-data-jpa\3.2.1\spring-data-jpa-3.2.1.jar;C:\Users\sivuha\.m2\repository\org\springframework\spring-orm\6.1.2\spring-orm-6.1.2.jar;C:\Users\sivuha\.m2\repository\org\springframework\spring-aspects\6.1.2\spring-aspects-6.1.2.jar;C:\Users\sivuha\.m2\repository\org\springframework\security\spring-security-core\6.1.7\spring-security-core-6.1.7.jar;C:\Users\sivuha\.m2\repository\org\springframework\security\spring-security-crypto\6.2.1\spring-security-crypto-6.2.1.jar;C:\Users\sivuha\.m2\repository\org\springframework\spring-aop\6.1.2\spring-aop-6.1.2.jar;C:\Users\sivuha\.m2\repository\org\springframework\spring-beans\6.1.2\spring-beans-6.1.2.jar;C:\Users\sivuha\.m2\repository\org\springframework\spring-context\6.1.2\spring-context-6.1.2.jar;C:\Users\sivuha\.m2\repository\org\springframework\spring-core\6.1.2\spring-core-6.1.2.jar;C:\Users\sivuha\.m2\repository\org\springframework\spring-jcl\6.1.2\spring-jcl-6.1.2.jar;C:\Users\sivuha\.m2\repository\org\springframework\spring-expression\6.1.2\spring-expression-6.1.2.jar;C:\Users\sivuha\.m2\repository\io\micrometer\micrometer-observation\1.12.1\micrometer-observation-1.12.1.jar;C:\Users\sivuha\.m2\repository\io\micrometer\micrometer-commons\1.12.1\micrometer-commons-1.12.1.jar;C:\Users\sivuha\.m2\repository\org\springframework\boot\spring-boot-starter-validation\3.2.1\spring-boot-starter-validation-3.2.1.jar;C:\Users\sivuha\.m2\repository\org\springframework\boot\spring-boot-starter\3.2.1\spring-boot-starter-3.2.1.jar;C:\Users\sivuha\.m2\repository\org\springframework\boot\spring-boot\3.2.1\spring-boot-3.2.1.jar;C:\Users\sivuha\.m2\repository\org\springframework\boot\spring-boot-autoconfigure\3.2.1\spring-boot-autoconfigure-3.2.1.jar;C:\Users\sivuha\.m2\repository\org\springframework\boot\spring-boot-starter-logging\3.2.1\spring-boot-starter-logging-3.2.1.jar;C:\Users\sivuha\.m2\repository\ch\qos\logback\logback-classic\1.4.14\logback-classic-1.4.14.jar;C:\Users\sivuha\.m2\repository\ch\qos\logback\logback-core\1.4.14\logback-core-1.4.14.jar;C:\Users\sivuha\.m2\repository\org\apache\logging\log4j\log4j-to-slf4j\2.21.1\log4j-to-slf4j-2.21.1.jar;C:\Users\sivuha\.m2\repository\org\apache\logging\log4j\log4j-api\2.21.1\log4j-api-2.21.1.jar;C:\Users\sivuha\.m2\repository\org\slf4j\jul-to-slf4j\2.0.9\jul-to-slf4j-2.0.9.jar;C:\Users\sivuha\.m2\repository\org\yaml\snakeyaml\2.2\snakeyaml-2.2.jar;C:\Users\sivuha\.m2\repository\org\apache\tomcat\embed\tomcat-embed-el\10.1.17\tomcat-embed-el-10.1.17.jar;C:\Users\sivuha\.m2\repository\org\hibernate\validator\hibernate-validator\8.0.1.Final\hibernate-validator-8.0.1.Final.jar;C:\Users\sivuha\.m2\repository\jakarta\validation\jakarta.validation-api\3.0.2\jakarta.validation-api-3.0.2.jar;C:\Users\sivuha\.m2\repository\org\apache\poi\poi\4.1.2\poi-4.1.2.jar;C:\Users\sivuha\.m2\repository\commons-codec\commons-codec\1.16.0\commons-codec-1.16.0.jar;C:\Users\sivuha\.m2\repository\org\apache\commons\commons-collections4\4.4\commons-collections4-4.4.jar;C:\Users\sivuha\.m2\repository\org\apache\commons\commons-math3\3.6.1\commons-math3-3.6.1.jar;C:\Users\sivuha\.m2\repository\com\zaxxer\SparseBitSet\1.2\SparseBitSet-1.2.jar;C:\Users\sivuha\.m2\repository\org\springframework\boot\spring-boot-starter-web\3.2.1\spring-boot-starter-web-3.2.1.jar;C:\Users\sivuha\.m2\repository\org\springframework\boot\spring-boot-starter-json\3.2.1\spring-boot-starter-json-3.2.1.jar;C:\Users\sivuha\.m2\repository\com\fasterxml\jackson\core\jackson-databind\2.15.3\jackson-databind-2.15.3.jar;C:\Users\sivuha\.m2\repository\com\fasterxml\jackson\core\jackson-annotations\2.15.3\jackson-annotations-2.15.3.jar;C:\Users\sivuha\.m2\repository\com\fasterxml\jackson\core\jackson-core\2.15.3\jackson-core-2.15.3.jar;C:\Users\sivuha\.m2\repository\com\fasterxml\jackson\datatype\jackson-datatype-jdk8\2.15.3\jackson-datatype-jdk8-2.15.3.jar;C:\Users\sivuha\.m2\repository\com\fasterxml\jackson\datatype\jackson-datatype-jsr310\2.15.3\jackson-datatype-jsr310-2.15.3.jar;C:\Users\sivuha\.m2\repository\com\fasterxml\jackson\module\jackson-module-parameter-names\2.15.3\jackson-module-parameter-names-2.15.3.jar;C:\Users\sivuha\.m2\repository\org\springframework\spring-web\6.1.2\spring-web-6.1.2.jar;C:\Users\sivuha\.m2\repository\org\springframework\spring-webmvc\6.1.2\spring-webmvc-6.1.2.jar;C:\Users\sivuha\.m2\repository\org\postgresql\postgresql\42.6.0\postgresql-42.6.0.jar;C:\Users\sivuha\.m2\repository\org\checkerframework\checker-qual\3.31.0\checker-qual-3.31.0.jar;C:\Users\sivuha\.m2\repository\org\projectlombok\lombok\1.18.30\lombok-1.18.30.jar;C:\Users\sivuha\.m2\repository\org\springframework\boot\spring-boot-starter-tomcat\3.2.1\spring-boot-starter-tomcat-3.2.1.jar;C:\Users\sivuha\.m2\repository\jakarta\annotation\jakarta.annotation-api\2.1.1\jakarta.annotation-api-2.1.1.jar;C:\Users\sivuha\.m2\repository\org\apache\tomcat\embed\tomcat-embed-core\10.1.17\tomcat-embed-core-10.1.17.jar;C:\Users\sivuha\.m2\repository\org\apache\tomcat\embed\tomcat-embed-websocket\10.1.17\tomcat-embed-websocket-10.1.17.jar;C:\Users\sivuha\.m2\repository\org\springframework\boot\spring-boot-starter-test\3.2.1\spring-boot-starter-test-3.2.1.jar;C:\Users\sivuha\.m2\repository\org\springframework\boot\spring-boot-test\3.2.1\spring-boot-test-3.2.1.jar;C:\Users\sivuha\.m2\repository\org\springframework\boot\spring-boot-test-autoconfigure\3.2.1\spring-boot-test-autoconfigure-3.2.1.jar;C:\Users\sivuha\.m2\repository\com\jayway\jsonpath\json-path\2.8.0\json-path-2.8.0.jar;C:\Users\sivuha\.m2\repository\jakarta\xml\bind\jakarta.xml.bind-api\4.0.1\jakarta.xml.bind-api-4.0.1.jar;C:\Users\sivuha\.m2\repository\jakarta\activation\jakarta.activation-api\2.1.2\jakarta.activation-api-2.1.2.jar;C:\Users\sivuha\.m2\repository\net\minidev\json-smart\2.5.0\json-smart-2.5.0.jar;C:\Users\sivuha\.m2\repository\net\minidev\accessors-smart\2.5.0\accessors-smart-2.5.0.jar;C:\Users\sivuha\.m2\repository\org\ow2\asm\asm\9.3\asm-9.3.jar;C:\Users\sivuha\.m2\repository\org\assertj\assertj-core\3.24.2\assertj-core-3.24.2.jar;C:\Users\sivuha\.m2\repository\org\awaitility\awaitility\4.2.0\awaitility-4.2.0.jar;C:\Users\sivuha\.m2\repository\org\hamcrest\hamcrest\2.2\hamcrest-2.2.jar;C:\Users\sivuha\.m2\repository\org\junit\jupiter\junit-jupiter\5.10.1\junit-jupiter-5.10.1.jar;C:\Users\sivuha\.m2\repository\org\junit\jupiter\junit-jupiter-api\5.10.1\junit-jupiter-api-5.10.1.jar;C:\Users\sivuha\.m2\repository\org\opentest4j\opentest4j\1.3.0\opentest4j-1.3.0.jar;C:\Users\sivuha\.m2\repository\org\junit\platform\junit-platform-commons\1.10.1\junit-platform-commons-1.10.1.jar;C:\Users\sivuha\.m2\repository\org\apiguardian\apiguardian-api\1.1.2\apiguardian-api-1.1.2.jar;C:\Users\sivuha\.m2\repository\org\junit\jupiter\junit-jupiter-params\5.10.1\junit-jupiter-params-5.10.1.jar;C:\Users\sivuha\.m2\repository\org\junit\jupiter\junit-jupiter-engine\5.10.1\junit-jupiter-engine-5.10.1.jar;C:\Users\sivuha\.m2\repository\org\junit\platform\junit-platform-engine\1.10.1\junit-platform-engine-1.10.1.jar;C:\Users\sivuha\.m2\repository\org\mockito\mockito-core\5.7.0\mockito-core-5.7.0.jar;C:\Users\sivuha\.m2\repository\net\bytebuddy\byte-buddy-agent\1.14.10\byte-buddy-agent-1.14.10.jar;C:\Users\sivuha\.m2\repository\org\objenesis\objenesis\3.3\objenesis-3.3.jar;C:\Users\sivuha\.m2\repository\org\mockito\mockito-junit-jupiter\5.7.0\mockito-junit-jupiter-5.7.0.jar;C:\Users\sivuha\.m2\repository\org\skyscreamer\jsonassert\1.5.1\jsonassert-1.5.1.jar;C:\Users\sivuha\.m2\repository\com\vaadin\external\google\android-json\0.0.20131108.vaadin1\android-json-0.0.20131108.vaadin1.jar;C:\Users\sivuha\.m2\repository\org\springframework\spring-test\6.1.2\spring-test-6.1.2.jar;C:\Users\sivuha\.m2\repository\org\xmlunit\xmlunit-core\2.9.1\xmlunit-core-2.9.1.jar;C:\Users\sivuha\.m2\repository\io\jsonwebtoken\jjwt\0.12.5\jjwt-0.12.5.jar;C:\Users\sivuha\.m2\repository\io\jsonwebtoken\jjwt-api\0.12.5\jjwt-api-0.12.5.jar;C:\Users\sivuha\.m2\repository\io\jsonwebtoken\jjwt-impl\0.12.5\jjwt-impl-0.12.5.jar;C:\Users\sivuha\.m2\repository\io\jsonwebtoken\jjwt-jackson\0.12.5\jjwt-jackson-0.12.5.jar;"/>
    <property name="sun.cpu.endian" value="little"/>
    <property name="user.home" value="C:\Users\sivuha"/>
    <property name="user.language" value="ru"/>
    <property name="java.specification.vendor" value="Oracle Corporation"/>
    <property name="java.version.date" value="2023-09-19"/>
    <property name="java.home" value="C:\Program Files\Java\jdk-21"/>
    <property name="file.separator" value="\"/>
    <property name="basedir" value="D:\Java\document-flow"/>
    <property name="java.vm.compressedOopsMode" value="32-bit"/>
    <property name="line.separator" value="&#10;"/>
    <property name="java.vm.specification.vendor" value="Oracle Corporation"/>
    <property name="java.specification.name" value="Java Platform API Specification"/>
    <property name="FILE_LOG_CHARSET" value="UTF-8"/>
    <property name="java.awt.headless" value="true"/>
    <property name="surefire.real.class.path" value="C:\Users\sivuha\AppData\Local\Temp\surefire7821961370541577646\surefirebooter-20240325164533060_3.jar"/>
    <property name="user.script" value=""/>
    <property name="sun.management.compiler" value="HotSpot 64-Bit Tiered Compilers"/>
    <property name="java.runtime.version" value="21+35-LTS-2513"/>
    <property name="user.name" value="sivuha"/>
    <property name="stdout.encoding" value="Cp1251"/>
    <property name="path.separator" value=";"/>
    <property name="os.version" value="10.0"/>
    <property name="java.runtime.name" value="Java(TM) SE Runtime Environment"/>
    <property name="file.encoding" value="UTF-8"/>
    <property name="java.vm.name" value="Java HotSpot(TM) 64-Bit Server VM"/>
    <property name="localRepository" value="C:\Users\sivuha\.m2\repository"/>
    <property name="java.vendor.url.bug" value="https://bugreport.java.com/bugreport/"/>
    <property name="java.io.tmpdir" value="C:\Users\sivuha\AppData\Local\Temp\"/>
    <property name="idea.version" value="2023.2.2"/>
    <property name="com.zaxxer.hikari.pool_number" value="1"/>
    <property name="java.version" value="21"/>
    <property name="user.dir" value="D:\Java\document-flow"/>
    <property name="os.arch" value="amd64"/>
    <property name="java.vm.specification.name" value="Java Virtual Machine Specification"/>
    <property name="PID" value="5400"/>
    <property name="sun.os.patch.level" value=""/>
    <property name="CONSOLE_LOG_CHARSET" value="UTF-8"/>
    <property name="native.encoding" value="Cp1251"/>
    <property name="java.library.path" value="C:\Program Files\Java\jdk-21\bin;C:\Windows\Sun\Java\bin;C:\Windows\system32;C:\Windows;C:\Program Files\Common Files\Oracle\Java\javapath;C:\Windows\system32;C:\Windows;C:\Windows\System32\Wbem;C:\Windows\System32\WindowsPowerShell\v1.0\;C:\Windows\System32\OpenSSH\;C:\Program Files\Git\cmd;C:\Program Files (x86)\GnuWin32\bin;C:\Program Files (x86)\Yarn\bin\;C:\Program Files\nodejs\;C:\Program Files\dotnet\;C:\Program Files\Microsoft SQL Server\130\Tools\Binn\;C:\Program Files\Microsoft SQL Server\150\Tools\Binn\;C:\Program Files\PostgreSQL\15\bin;C:\Users\sivuha\AppData\Local\Programs\Python\Python312\Scripts\;C:\Users\sivuha\AppData\Local\Programs\Python\Python312\;C:\Program Files\MySQL\MySQL Shell 8.0\bin\;C:\Users\sivuha\AppData\Local\Microsoft\WindowsApps;C:\Users\sivuha\AppData\Local\Programs\Microsoft VS Code\bin;C:\Users\sivuha\AppData\Local\Programs\Python\Python310\Scripts;C:\Program Files (x86)\GnuWin32\bin;C:\Program Files\JetBrains\WebStorm 2022.2.1\bin;;C:\Users\sivuha\AppData\Local\Yarn\bin;C:\Users\sivuha\AppData\Roaming\npm;D:\src\flutter\bin;C:\Program Files\dotnet\;C:\Users\sivuha\.dotnet\tools;C:\Program Files\JetBrains\PyCharm Community Edition 2023.1.2\bin;;C:\Program Files\JetBrains\IntelliJ IDEA 2023.2.2\bin;;C:\Program Files\New Relic\New Relic CLI\;C:\Program Files\CMake\bin;C:\Program Files\winlibs-x86_64-posix-seh-gcc-12.3.0-llvm-16.0.4-mingw-w64ucrt-11.0.0-r1\mingw64\bin;;."/>
    <property name="java.vm.info" value="mixed mode, sharing"/>
    <property name="stderr.encoding" value="Cp1251"/>
    <property name="java.vendor" value="Oracle Corporation"/>
    <property name="java.vm.version" value="21+35-LTS-2513"/>
    <property name="sun.io.unicode.encoding" value="UnicodeLittle"/>
    <property name="java.class.version" value="65.0"/>
  </properties>
  <testcase name="contextLoads" classname="com.example.document_flow.DocumentFlowApplicationTests" time="0.696">
    <system-out><![CDATA[16:45:35.544 [main] INFO org.springframework.test.context.support.AnnotationConfigContextLoaderUtils -- Could not detect default configuration classes for test class [com.example.document_flow.DocumentFlowApplicationTests]: DocumentFlowApplicationTests does not declare any static, non-private, non-final, nested classes annotated with @Configuration.
16:45:35.815 [main] INFO org.springframework.boot.test.context.SpringBootTestContextBootstrapper -- Found @SpringBootConfiguration com.example.document_flow.DocumentFlowApplication for test class com.example.document_flow.DocumentFlowApplicationTests

  .   ____          _            __ _ _
 /\\ / ___'_ __ _ _(_)_ __  __ _ \ \ \ \
( ( )\___ | '_ | '_| | '_ \/ _` | \ \ \ \
 \\/  ___)| |_)| | | | | || (_| |  ) ) ) )
  '  |____| .__|_| |_|_| |_\__, | / / / /
 =========|_|==============|___/=/_/_/_/
 :: Spring Boot ::                (v3.2.1)

2024-03-25T16:45:36.719+03:00  INFO 5400 --- [           main] c.e.d.DocumentFlowApplicationTests       : Starting DocumentFlowApplicationTests using Java 21 with PID 5400 (started by sivuha in D:\Java\document-flow)
2024-03-25T16:45:36.721+03:00  INFO 5400 --- [           main] c.e.d.DocumentFlowApplicationTests       : No active profile set, falling back to 1 default profile: "default"
2024-03-25T16:45:38.641+03:00  INFO 5400 --- [           main] .s.d.r.c.RepositoryConfigurationDelegate : Multiple Spring Data modules found, entering strict repository configuration mode
2024-03-25T16:45:38.644+03:00  INFO 5400 --- [           main] .s.d.r.c.RepositoryConfigurationDelegate : Bootstrapping Spring Data JDBC repositories in DEFAULT mode.
2024-03-25T16:45:38.691+03:00  INFO 5400 --- [           main] .RepositoryConfigurationExtensionSupport : Spring Data JDBC - Could not safely identify store assignment for repository candidate interface com.example.document_flow.repository.AddressRepository; If you want this repository to be a JDBC repository, consider annotating your entities with one of these annotations: org.springframework.data.relational.core.mapping.Table.
2024-03-25T16:45:38.692+03:00  INFO 5400 --- [           main] .RepositoryConfigurationExtensionSupport : Spring Data JDBC - Could not safely identify store assignment for repository candidate interface com.example.document_flow.repository.CommentRepository; If you want this repository to be a JDBC repository, consider annotating your entities with one of these annotations: org.springframework.data.relational.core.mapping.Table.
2024-03-25T16:45:38.694+03:00  INFO 5400 --- [           main] .RepositoryConfigurationExtensionSupport : Spring Data JDBC - Could not safely identify store assignment for repository candidate interface com.example.document_flow.repository.ContractRepository; If you want this repository to be a JDBC repository, consider annotating your entities with one of these annotations: org.springframework.data.relational.core.mapping.Table.
2024-03-25T16:45:38.695+03:00  INFO 5400 --- [           main] .RepositoryConfigurationExtensionSupport : Spring Data JDBC - Could not safely identify store assignment for repository candidate interface com.example.document_flow.repository.DepartmentRepository; If you want this repository to be a JDBC repository, consider annotating your entities with one of these annotations: org.springframework.data.relational.core.mapping.Table.
2024-03-25T16:45:38.696+03:00  INFO 5400 --- [           main] .RepositoryConfigurationExtensionSupport : Spring Data JDBC - Could not safely identify store assignment for repository candidate interface com.example.document_flow.repository.DocumentRepository; If you want this repository to be a JDBC repository, consider annotating your entities with one of these annotations: org.springframework.data.relational.core.mapping.Table.
2024-03-25T16:45:38.697+03:00  INFO 5400 --- [           main] .RepositoryConfigurationExtensionSupport : Spring Data JDBC - Could not safely identify store assignment for repository candidate interface com.example.document_flow.repository.NotificationRepository; If you want this repository to be a JDBC repository, consider annotating your entities with one of these annotations: org.springframework.data.relational.core.mapping.Table.
2024-03-25T16:45:38.699+03:00  INFO 5400 --- [           main] .RepositoryConfigurationExtensionSupport : Spring Data JDBC - Could not safely identify store assignment for repository candidate interface com.example.document_flow.repository.PersonRepository; If you want this repository to be a JDBC repository, consider annotating your entities with one of these annotations: org.springframework.data.relational.core.mapping.Table.
2024-03-25T16:45:38.702+03:00  INFO 5400 --- [           main] .RepositoryConfigurationExtensionSupport : Spring Data JDBC - Could not safely identify store assignment for repository candidate interface com.example.document_flow.repository.ReportRepository; If you want this repository to be a JDBC repository, consider annotating your entities with one of these annotations: org.springframework.data.relational.core.mapping.Table.
2024-03-25T16:45:38.704+03:00  INFO 5400 --- [           main] .RepositoryConfigurationExtensionSupport : Spring Data JDBC - Could not safely identify store assignment for repository candidate interface com.example.document_flow.repository.TaskRepository; If you want this repository to be a JDBC repository, consider annotating your entities with one of these annotations: org.springframework.data.relational.core.mapping.Table.
2024-03-25T16:45:38.707+03:00  INFO 5400 --- [           main] .RepositoryConfigurationExtensionSupport : Spring Data JDBC - Could not safely identify store assignment for repository candidate interface com.example.document_flow.repository.UserRepository; If you want this repository to be a JDBC repository, consider annotating your entities with one of these annotations: org.springframework.data.relational.core.mapping.Table.
2024-03-25T16:45:38.711+03:00  INFO 5400 --- [           main] .s.d.r.c.RepositoryConfigurationDelegate : Finished Spring Data repository scanning in 57 ms. Found 0 JDBC repository interfaces.
2024-03-25T16:45:38.729+03:00  INFO 5400 --- [           main] .s.d.r.c.RepositoryConfigurationDelegate : Multiple Spring Data modules found, entering strict repository configuration mode
2024-03-25T16:45:38.730+03:00  INFO 5400 --- [           main] .s.d.r.c.RepositoryConfigurationDelegate : Bootstrapping Spring Data JPA repositories in DEFAULT mode.
2024-03-25T16:45:38.783+03:00  INFO 5400 --- [           main] .s.d.r.c.RepositoryConfigurationDelegate : Finished Spring Data repository scanning in 47 ms. Found 10 JPA repository interfaces.
2024-03-25T16:45:39.909+03:00  INFO 5400 --- [           main] o.hibernate.jpa.internal.util.LogHelper  : HHH000204: Processing PersistenceUnitInfo [name: default]
2024-03-25T16:45:40.058+03:00  INFO 5400 --- [           main] org.hibernate.Version                    : HHH000412: Hibernate ORM core version 6.4.1.Final
2024-03-25T16:45:40.125+03:00  INFO 5400 --- [           main] o.h.c.internal.RegionFactoryInitiator    : HHH000026: Second-level cache disabled
2024-03-25T16:45:40.631+03:00  INFO 5400 --- [           main] o.s.o.j.p.SpringPersistenceUnitInfo      : No LoadTimeWeaver setup: ignoring JPA class transformer
2024-03-25T16:45:40.683+03:00  INFO 5400 --- [           main] com.zaxxer.hikari.HikariDataSource       : HikariPool-1 - Starting...
2024-03-25T16:45:41.071+03:00  INFO 5400 --- [           main] com.zaxxer.hikari.pool.HikariPool        : HikariPool-1 - Added connection org.postgresql.jdbc.PgConnection@7e2c6702
2024-03-25T16:45:41.073+03:00  INFO 5400 --- [           main] com.zaxxer.hikari.HikariDataSource       : HikariPool-1 - Start completed.
2024-03-25T16:45:41.193+03:00  WARN 5400 --- [           main] org.hibernate.orm.deprecation            : HHH90000025: PostgreSQLDialect does not need to be specified explicitly using 'hibernate.dialect' (remove the property setting and it will be selected by default)
2024-03-25T16:45:42.833+03:00  INFO 5400 --- [           main] o.h.e.t.j.p.i.JtaPlatformInitiator       : HHH000489: No JTA platform available (set 'hibernate.transaction.jta.platform' to enable JTA platform integration)
Hibernate: alter table if exists comments drop constraint if exists FK60j9k3nc1ap2j2134fh2jaj2d
2024-03-25T16:45:42.864+03:00  WARN 5400 --- [           main] o.h.engine.jdbc.spi.SqlExceptionHelper   : SQL Warning Code: 0, SQLState: 00000
2024-03-25T16:45:42.864+03:00  WARN 5400 --- [           main] o.h.engine.jdbc.spi.SqlExceptionHelper   : отношение "comments" не существует, пропускается
Hibernate: alter table if exists department_projects drop constraint if exists FK10ecm3noveh9s1ncnfn5tcys0
2024-03-25T16:45:42.865+03:00  WARN 5400 --- [           main] o.h.engine.jdbc.spi.SqlExceptionHelper   : SQL Warning Code: 0, SQLState: 00000
2024-03-25T16:45:42.865+03:00  WARN 5400 --- [           main] o.h.engine.jdbc.spi.SqlExceptionHelper   : отношение "department_projects" не существует, пропускается
Hibernate: alter table if exists department_projects drop constraint if exists FK9x7k6xcql6x9rk0sdmbscwaxi
2024-03-25T16:45:42.866+03:00  WARN 5400 --- [           main] o.h.engine.jdbc.spi.SqlExceptionHelper   : SQL Warning Code: 0, SQLState: 00000
2024-03-25T16:45:42.867+03:00  WARN 5400 --- [           main] o.h.engine.jdbc.spi.SqlExceptionHelper   : отношение "department_projects" не существует, пропускается
Hibernate: alter table if exists document drop constraint if exists FKqm5yun3pd54ydxd495j3sj01k
2024-03-25T16:45:42.868+03:00  WARN 5400 --- [           main] o.h.engine.jdbc.spi.SqlExceptionHelper   : SQL Warning Code: 0, SQLState: 00000
2024-03-25T16:45:42.868+03:00  WARN 5400 --- [           main] o.h.engine.jdbc.spi.SqlExceptionHelper   : отношение "document" не существует, пропускается
Hibernate: alter table if exists document_comments drop constraint if exists FK61xax2tmaptavgo40j1s8t0wn
2024-03-25T16:45:42.869+03:00  WARN 5400 --- [           main] o.h.engine.jdbc.spi.SqlExceptionHelper   : SQL Warning Code: 0, SQLState: 00000
2024-03-25T16:45:42.869+03:00  WARN 5400 --- [           main] o.h.engine.jdbc.spi.SqlExceptionHelper   : отношение "document_comments" не существует, пропускается
Hibernate: alter table if exists document_comments drop constraint if exists FKkduubnc2m8x1dqdpdnf0krua3
2024-03-25T16:45:42.870+03:00  WARN 5400 --- [           main] o.h.engine.jdbc.spi.SqlExceptionHelper   : SQL Warning Code: 0, SQLState: 00000
2024-03-25T16:45:42.870+03:00  WARN 5400 --- [           main] o.h.engine.jdbc.spi.SqlExceptionHelper   : отношение "document_comments" не существует, пропускается
Hibernate: alter table if exists document_projects drop constraint if exists FKt5621hbhmjcmv3grcrrkegc71
2024-03-25T16:45:42.871+03:00  WARN 5400 --- [           main] o.h.engine.jdbc.spi.SqlExceptionHelper   : SQL Warning Code: 0, SQLState: 00000
2024-03-25T16:45:42.871+03:00  WARN 5400 --- [           main] o.h.engine.jdbc.spi.SqlExceptionHelper   : отношение "document_projects" не существует, пропускается
Hibernate: alter table if exists document_projects drop constraint if exists FKgnbishiesy7asd8upydol7pvo
2024-03-25T16:45:42.872+03:00  WARN 5400 --- [           main] o.h.engine.jdbc.spi.SqlExceptionHelper   : SQL Warning Code: 0, SQLState: 00000
2024-03-25T16:45:42.872+03:00  WARN 5400 --- [           main] o.h.engine.jdbc.spi.SqlExceptionHelper   : отношение "document_projects" не существует, пропускается
Hibernate: alter table if exists document_shares drop constraint if exists FK37v1nhpibp6exga16x5ksknjv
2024-03-25T16:45:42.873+03:00  WARN 5400 --- [           main] o.h.engine.jdbc.spi.SqlExceptionHelper   : SQL Warning Code: 0, SQLState: 00000
2024-03-25T16:45:42.873+03:00  WARN 5400 --- [           main] o.h.engine.jdbc.spi.SqlExceptionHelper   : отношение "document_shares" не существует, пропускается
Hibernate: alter table if exists document_shares drop constraint if exists FKk1k6ory1gf23ogpbbx3frhen1
2024-03-25T16:45:42.874+03:00  WARN 5400 --- [           main] o.h.engine.jdbc.spi.SqlExceptionHelper   : SQL Warning Code: 0, SQLState: 00000
2024-03-25T16:45:42.874+03:00  WARN 5400 --- [           main] o.h.engine.jdbc.spi.SqlExceptionHelper   : отношение "document_shares" не существует, пропускается
Hibernate: alter table if exists notifications_users drop constraint if exists FKarfn23phqnrweb8mcub7mob39
2024-03-25T16:45:42.874+03:00  WARN 5400 --- [           main] o.h.engine.jdbc.spi.SqlExceptionHelper   : SQL Warning Code: 0, SQLState: 00000
2024-03-25T16:45:42.875+03:00  WARN 5400 --- [           main] o.h.engine.jdbc.spi.SqlExceptionHelper   : отношение "notifications_users" не существует, пропускается
Hibernate: alter table if exists notifications_users drop constraint if exists FKkk801l9ilfliaollxjn5jcf01
2024-03-25T16:45:42.875+03:00  WARN 5400 --- [           main] o.h.engine.jdbc.spi.SqlExceptionHelper   : SQL Warning Code: 0, SQLState: 00000
2024-03-25T16:45:42.875+03:00  WARN 5400 --- [           main] o.h.engine.jdbc.spi.SqlExceptionHelper   : отношение "notifications_users" не существует, пропускается
Hibernate: alter table if exists persons drop constraint if exists FKhpk0ck378u9nar5y4b4cwb8sd
2024-03-25T16:45:42.876+03:00  WARN 5400 --- [           main] o.h.engine.jdbc.spi.SqlExceptionHelper   : SQL Warning Code: 0, SQLState: 00000
2024-03-25T16:45:42.877+03:00  WARN 5400 --- [           main] o.h.engine.jdbc.spi.SqlExceptionHelper   : отношение "persons" не существует, пропускается
Hibernate: alter table if exists persons drop constraint if exists FKqbwgrmjselih38nyit1kx85n7
2024-03-25T16:45:42.877+03:00  WARN 5400 --- [           main] o.h.engine.jdbc.spi.SqlExceptionHelper   : SQL Warning Code: 0, SQLState: 00000
2024-03-25T16:45:42.877+03:00  WARN 5400 --- [           main] o.h.engine.jdbc.spi.SqlExceptionHelper   : отношение "persons" не существует, пропускается
Hibernate: alter table if exists persons drop constraint if exists FKh6dne096vh18gfy82t8ksgykn
2024-03-25T16:45:42.878+03:00  WARN 5400 --- [           main] o.h.engine.jdbc.spi.SqlExceptionHelper   : SQL Warning Code: 0, SQLState: 00000
2024-03-25T16:45:42.878+03:00  WARN 5400 --- [           main] o.h.engine.jdbc.spi.SqlExceptionHelper   : отношение "persons" не существует, пропускается
Hibernate: alter table if exists persons_tasks drop constraint if exists FKc9vmat1cxhpeg10d4awktwyls
2024-03-25T16:45:42.879+03:00  WARN 5400 --- [           main] o.h.engine.jdbc.spi.SqlExceptionHelper   : SQL Warning Code: 0, SQLState: 00000
2024-03-25T16:45:42.879+03:00  WARN 5400 --- [           main] o.h.engine.jdbc.spi.SqlExceptionHelper   : отношение "persons_tasks" не существует, пропускается
Hibernate: alter table if exists persons_tasks drop constraint if exists FK667a8buxvqvwykbnaym74lijy
2024-03-25T16:45:42.880+03:00  WARN 5400 --- [           main] o.h.engine.jdbc.spi.SqlExceptionHelper   : SQL Warning Code: 0, SQLState: 00000
2024-03-25T16:45:42.880+03:00  WARN 5400 --- [           main] o.h.engine.jdbc.spi.SqlExceptionHelper   : отношение "persons_tasks" не существует, пропускается
Hibernate: alter table if exists projects drop constraint if exists FKtru96bl30ntdvo4y33ap06hio
2024-03-25T16:45:42.881+03:00  WARN 5400 --- [           main] o.h.engine.jdbc.spi.SqlExceptionHelper   : SQL Warning Code: 0, SQLState: 00000
2024-03-25T16:45:42.881+03:00  WARN 5400 --- [           main] o.h.engine.jdbc.spi.SqlExceptionHelper   : отношение "projects" не существует, пропускается
Hibernate: alter table if exists projects_documents drop constraint if exists FK2pri44nl7r40fjn48xfc5qji4
2024-03-25T16:45:42.882+03:00  WARN 5400 --- [           main] o.h.engine.jdbc.spi.SqlExceptionHelper   : SQL Warning Code: 0, SQLState: 00000
2024-03-25T16:45:42.882+03:00  WARN 5400 --- [           main] o.h.engine.jdbc.spi.SqlExceptionHelper   : отношение "projects_documents" не существует, пропускается
Hibernate: alter table if exists projects_documents drop constraint if exists FK93qmoxc604xkinu963eehaq47
2024-03-25T16:45:42.883+03:00  WARN 5400 --- [           main] o.h.engine.jdbc.spi.SqlExceptionHelper   : SQL Warning Code: 0, SQLState: 00000
2024-03-25T16:45:42.884+03:00  WARN 5400 --- [           main] o.h.engine.jdbc.spi.SqlExceptionHelper   : отношение "projects_documents" не существует, пропускается
Hibernate: alter table if exists tasks drop constraint if exists FK54eiy214pew9vn1k6vc3p7jqh
2024-03-25T16:45:42.885+03:00  WARN 5400 --- [           main] o.h.engine.jdbc.spi.SqlExceptionHelper   : SQL Warning Code: 0, SQLState: 00000
2024-03-25T16:45:42.886+03:00  WARN 5400 --- [           main] o.h.engine.jdbc.spi.SqlExceptionHelper   : отношение "tasks" не существует, пропускается
Hibernate: alter table if exists tasks drop constraint if exists FK83wtk1uwa6l9aokatgtwbnik9
2024-03-25T16:45:42.887+03:00  WARN 5400 --- [           main] o.h.engine.jdbc.spi.SqlExceptionHelper   : SQL Warning Code: 0, SQLState: 00000
2024-03-25T16:45:42.887+03:00  WARN 5400 --- [           main] o.h.engine.jdbc.spi.SqlExceptionHelper   : отношение "tasks" не существует, пропускается
Hibernate: alter table if exists users drop constraint if exists FKmvbq8q4vpi6csivw9wcnq6ho5
2024-03-25T16:45:42.889+03:00  WARN 5400 --- [           main] o.h.engine.jdbc.spi.SqlExceptionHelper   : SQL Warning Code: 0, SQLState: 00000
2024-03-25T16:45:42.890+03:00  WARN 5400 --- [           main] o.h.engine.jdbc.spi.SqlExceptionHelper   : отношение "users" не существует, пропускается
Hibernate: alter table if exists users_notifications drop constraint if exists FK17pt2krtfgoof65xdvtbpf5aw
2024-03-25T16:45:42.891+03:00  WARN 5400 --- [           main] o.h.engine.jdbc.spi.SqlExceptionHelper   : SQL Warning Code: 0, SQLState: 00000
2024-03-25T16:45:42.892+03:00  WARN 5400 --- [           main] o.h.engine.jdbc.spi.SqlExceptionHelper   : отношение "users_notifications" не существует, пропускается
Hibernate: alter table if exists users_notifications drop constraint if exists FKil3tssmpyic5ruavb9jbbw2bb
2024-03-25T16:45:42.893+03:00  WARN 5400 --- [           main] o.h.engine.jdbc.spi.SqlExceptionHelper   : SQL Warning Code: 0, SQLState: 00000
2024-03-25T16:45:42.893+03:00  WARN 5400 --- [           main] o.h.engine.jdbc.spi.SqlExceptionHelper   : отношение "users_notifications" не существует, пропускается
Hibernate: alter table if exists users_share_documents drop constraint if exists FKhwkojpf8q0k7hwlx970gnn8r1
2024-03-25T16:45:42.895+03:00  WARN 5400 --- [           main] o.h.engine.jdbc.spi.SqlExceptionHelper   : SQL Warning Code: 0, SQLState: 00000
2024-03-25T16:45:42.895+03:00  WARN 5400 --- [           main] o.h.engine.jdbc.spi.SqlExceptionHelper   : отношение "users_share_documents" не существует, пропускается
Hibernate: alter table if exists users_share_documents drop constraint if exists FKbe61yh1l29h0pkjiekiho8kd5
2024-03-25T16:45:42.896+03:00  WARN 5400 --- [           main] o.h.engine.jdbc.spi.SqlExceptionHelper   : SQL Warning Code: 0, SQLState: 00000
2024-03-25T16:45:42.897+03:00  WARN 5400 --- [           main] o.h.engine.jdbc.spi.SqlExceptionHelper   : отношение "users_share_documents" не существует, пропускается
Hibernate: drop table if exists addresses cascade
2024-03-25T16:45:42.901+03:00  WARN 5400 --- [           main] o.h.engine.jdbc.spi.SqlExceptionHelper   : SQL Warning Code: 0, SQLState: 00000
2024-03-25T16:45:42.902+03:00  WARN 5400 --- [           main] o.h.engine.jdbc.spi.SqlExceptionHelper   : таблица "addresses" не существует, пропускается
Hibernate: drop table if exists comments cascade
2024-03-25T16:45:42.903+03:00  WARN 5400 --- [           main] o.h.engine.jdbc.spi.SqlExceptionHelper   : SQL Warning Code: 0, SQLState: 00000
2024-03-25T16:45:42.903+03:00  WARN 5400 --- [           main] o.h.engine.jdbc.spi.SqlExceptionHelper   : таблица "comments" не существует, пропускается
Hibernate: drop table if exists contracts cascade
2024-03-25T16:45:42.904+03:00  WARN 5400 --- [           main] o.h.engine.jdbc.spi.SqlExceptionHelper   : SQL Warning Code: 0, SQLState: 00000
2024-03-25T16:45:42.905+03:00  WARN 5400 --- [           main] o.h.engine.jdbc.spi.SqlExceptionHelper   : таблица "contracts" не существует, пропускается
Hibernate: drop table if exists department cascade
2024-03-25T16:45:42.906+03:00  WARN 5400 --- [           main] o.h.engine.jdbc.spi.SqlExceptionHelper   : SQL Warning Code: 0, SQLState: 00000
2024-03-25T16:45:42.906+03:00  WARN 5400 --- [           main] o.h.engine.jdbc.spi.SqlExceptionHelper   : таблица "department" не существует, пропускается
Hibernate: drop table if exists department_projects cascade
2024-03-25T16:45:42.907+03:00  WARN 5400 --- [           main] o.h.engine.jdbc.spi.SqlExceptionHelper   : SQL Warning Code: 0, SQLState: 00000
2024-03-25T16:45:42.907+03:00  WARN 5400 --- [           main] o.h.engine.jdbc.spi.SqlExceptionHelper   : таблица "department_projects" не существует, пропускается
Hibernate: drop table if exists document cascade
2024-03-25T16:45:42.908+03:00  WARN 5400 --- [           main] o.h.engine.jdbc.spi.SqlExceptionHelper   : SQL Warning Code: 0, SQLState: 00000
2024-03-25T16:45:42.909+03:00  WARN 5400 --- [           main] o.h.engine.jdbc.spi.SqlExceptionHelper   : таблица "document" не существует, пропускается
Hibernate: drop table if exists document_comments cascade
2024-03-25T16:45:42.909+03:00  WARN 5400 --- [           main] o.h.engine.jdbc.spi.SqlExceptionHelper   : SQL Warning Code: 0, SQLState: 00000
2024-03-25T16:45:42.910+03:00  WARN 5400 --- [           main] o.h.engine.jdbc.spi.SqlExceptionHelper   : таблица "document_comments" не существует, пропускается
Hibernate: drop table if exists document_projects cascade
2024-03-25T16:45:42.911+03:00  WARN 5400 --- [           main] o.h.engine.jdbc.spi.SqlExceptionHelper   : SQL Warning Code: 0, SQLState: 00000
2024-03-25T16:45:42.911+03:00  WARN 5400 --- [           main] o.h.engine.jdbc.spi.SqlExceptionHelper   : таблица "document_projects" не существует, пропускается
Hibernate: drop table if exists document_shares cascade
2024-03-25T16:45:42.912+03:00  WARN 5400 --- [           main] o.h.engine.jdbc.spi.SqlExceptionHelper   : SQL Warning Code: 0, SQLState: 00000
2024-03-25T16:45:42.912+03:00  WARN 5400 --- [           main] o.h.engine.jdbc.spi.SqlExceptionHelper   : таблица "document_shares" не существует, пропускается
Hibernate: drop table if exists notifications cascade
2024-03-25T16:45:42.912+03:00  WARN 5400 --- [           main] o.h.engine.jdbc.spi.SqlExceptionHelper   : SQL Warning Code: 0, SQLState: 00000
2024-03-25T16:45:42.912+03:00  WARN 5400 --- [           main] o.h.engine.jdbc.spi.SqlExceptionHelper   : таблица "notifications" не существует, пропускается
Hibernate: drop table if exists notifications_users cascade
2024-03-25T16:45:42.913+03:00  WARN 5400 --- [           main] o.h.engine.jdbc.spi.SqlExceptionHelper   : SQL Warning Code: 0, SQLState: 00000
2024-03-25T16:45:42.913+03:00  WARN 5400 --- [           main] o.h.engine.jdbc.spi.SqlExceptionHelper   : таблица "notifications_users" не существует, пропускается
Hibernate: drop table if exists persons cascade
2024-03-25T16:45:42.914+03:00  WARN 5400 --- [           main] o.h.engine.jdbc.spi.SqlExceptionHelper   : SQL Warning Code: 0, SQLState: 00000
2024-03-25T16:45:42.914+03:00  WARN 5400 --- [           main] o.h.engine.jdbc.spi.SqlExceptionHelper   : таблица "persons" не существует, пропускается
Hibernate: drop table if exists persons_tasks cascade
2024-03-25T16:45:42.915+03:00  WARN 5400 --- [           main] o.h.engine.jdbc.spi.SqlExceptionHelper   : SQL Warning Code: 0, SQLState: 00000
2024-03-25T16:45:42.915+03:00  WARN 5400 --- [           main] o.h.engine.jdbc.spi.SqlExceptionHelper   : таблица "persons_tasks" не существует, пропускается
Hibernate: drop table if exists projects cascade
2024-03-25T16:45:42.916+03:00  WARN 5400 --- [           main] o.h.engine.jdbc.spi.SqlExceptionHelper   : SQL Warning Code: 0, SQLState: 00000
2024-03-25T16:45:42.916+03:00  WARN 5400 --- [           main] o.h.engine.jdbc.spi.SqlExceptionHelper   : таблица "projects" не существует, пропускается
Hibernate: drop table if exists projects_documents cascade
2024-03-25T16:45:42.916+03:00  WARN 5400 --- [           main] o.h.engine.jdbc.spi.SqlExceptionHelper   : SQL Warning Code: 0, SQLState: 00000
2024-03-25T16:45:42.916+03:00  WARN 5400 --- [           main] o.h.engine.jdbc.spi.SqlExceptionHelper   : таблица "projects_documents" не существует, пропускается
Hibernate: drop table if exists reports cascade
2024-03-25T16:45:42.917+03:00  WARN 5400 --- [           main] o.h.engine.jdbc.spi.SqlExceptionHelper   : SQL Warning Code: 0, SQLState: 00000
2024-03-25T16:45:42.917+03:00  WARN 5400 --- [           main] o.h.engine.jdbc.spi.SqlExceptionHelper   : таблица "reports" не существует, пропускается
Hibernate: drop table if exists tasks cascade
2024-03-25T16:45:42.918+03:00  WARN 5400 --- [           main] o.h.engine.jdbc.spi.SqlExceptionHelper   : SQL Warning Code: 0, SQLState: 00000
2024-03-25T16:45:42.918+03:00  WARN 5400 --- [           main] o.h.engine.jdbc.spi.SqlExceptionHelper   : таблица "tasks" не существует, пропускается
Hibernate: drop table if exists users cascade
2024-03-25T16:45:42.918+03:00  WARN 5400 --- [           main] o.h.engine.jdbc.spi.SqlExceptionHelper   : SQL Warning Code: 0, SQLState: 00000
2024-03-25T16:45:42.918+03:00  WARN 5400 --- [           main] o.h.engine.jdbc.spi.SqlExceptionHelper   : таблица "users" не существует, пропускается
Hibernate: drop table if exists users_notifications cascade
2024-03-25T16:45:42.919+03:00  WARN 5400 --- [           main] o.h.engine.jdbc.spi.SqlExceptionHelper   : SQL Warning Code: 0, SQLState: 00000
2024-03-25T16:45:42.919+03:00  WARN 5400 --- [           main] o.h.engine.jdbc.spi.SqlExceptionHelper   : таблица "users_notifications" не существует, пропускается
Hibernate: drop table if exists users_share_documents cascade
2024-03-25T16:45:42.920+03:00  WARN 5400 --- [           main] o.h.engine.jdbc.spi.SqlExceptionHelper   : SQL Warning Code: 0, SQLState: 00000
2024-03-25T16:45:42.920+03:00  WARN 5400 --- [           main] o.h.engine.jdbc.spi.SqlExceptionHelper   : таблица "users_share_documents" не существует, пропускается
Hibernate: create table addresses (id bigserial not null, city varchar(255), postal_code varchar(255), street varchar(255), primary key (id))
Hibernate: create table comments (created_at timestamp(6), document_id bigint, id bigserial not null, author varchar(255), content varchar(255), primary key (id))
Hibernate: create table contracts (id bigserial not null, client_name varchar(255), primary key (id))
Hibernate: create table department (id bigserial not null, abbreviation varchar(255), description varchar(255), name varchar(255), primary key (id))
Hibernate: create table department_projects (department_id bigint not null, projects_id bigint not null unique)
Hibernate: create table document (document_type smallint check (document_type between 0 and 3), author_id bigint, id bigserial not null, file_path varchar(255), name varchar(255), type varchar(255), primary key (id))
Hibernate: create table document_comments (comments_id bigint not null unique, document_id bigint not null)
Hibernate: create table document_projects (document_id bigint not null, projects_id bigint not null)
Hibernate: create table document_shares (document_id bigint not null, shares_id bigint not null)
Hibernate: create table notifications (is_read boolean not null, created_at timestamp(6), id bigserial not null, message varchar(255), recipient varchar(255), primary key (id))
Hibernate: create table notifications_users (notification_id bigint not null, users_id bigint not null)
Hibernate: create table persons (address_id bigint unique, birthdate timestamp(6), contract_id bigint unique, department_id bigint, id bigserial not null, firstname varchar(255), patronymic varchar(255), position varchar(255), secondname varchar(255), primary key (id))
Hibernate: create table persons_tasks (person_id bigint not null, tasks_id bigint not null unique)
Hibernate: create table projects (department_id bigint, id bigserial not null, primary key (id))
Hibernate: create table projects_documents (documents_id bigint not null, project_id bigint not null)
Hibernate: create table reports (is_approved boolean not null, created_at timestamp(6), id bigserial not null, approved_by varchar(255), created_by varchar(255), description varchar(255), title varchar(255), primary key (id))
Hibernate: create table tasks (department_id bigint, id bigserial not null, person_id bigint, description varchar(255), title varchar(255), primary key (id))
Hibernate: create table users (permission smallint check (permission between 0 and 4), id bigserial not null, person_id bigint unique, login varchar(255), password varchar(255), primary key (id))
Hibernate: create table users_notifications (notifications_id bigint not null, user_id bigint not null)
Hibernate: create table users_share_documents (share_documents_id bigint not null, user_id bigint not null)
Hibernate: alter table if exists comments add constraint FK60j9k3nc1ap2j2134fh2jaj2d foreign key (document_id) references document
Hibernate: alter table if exists department_projects add constraint FK10ecm3noveh9s1ncnfn5tcys0 foreign key (projects_id) references projects
Hibernate: alter table if exists department_projects add constraint FK9x7k6xcql6x9rk0sdmbscwaxi foreign key (department_id) references department
Hibernate: alter table if exists document add constraint FKqm5yun3pd54ydxd495j3sj01k foreign key (author_id) references users
Hibernate: alter table if exists document_comments add constraint FK61xax2tmaptavgo40j1s8t0wn foreign key (comments_id) references comments
Hibernate: alter table if exists document_comments add constraint FKkduubnc2m8x1dqdpdnf0krua3 foreign key (document_id) references document
Hibernate: alter table if exists document_projects add constraint FKt5621hbhmjcmv3grcrrkegc71 foreign key (projects_id) references projects
Hibernate: alter table if exists document_projects add constraint FKgnbishiesy7asd8upydol7pvo foreign key (document_id) references document
Hibernate: alter table if exists document_shares add constraint FK37v1nhpibp6exga16x5ksknjv foreign key (shares_id) references users
Hibernate: alter table if exists document_shares add constraint FKk1k6ory1gf23ogpbbx3frhen1 foreign key (document_id) references document
Hibernate: alter table if exists notifications_users add constraint FKarfn23phqnrweb8mcub7mob39 foreign key (users_id) references users
Hibernate: alter table if exists notifications_users add constraint FKkk801l9ilfliaollxjn5jcf01 foreign key (notification_id) references notifications
Hibernate: alter table if exists persons add constraint FKhpk0ck378u9nar5y4b4cwb8sd foreign key (address_id) references addresses
Hibernate: alter table if exists persons add constraint FKqbwgrmjselih38nyit1kx85n7 foreign key (contract_id) references contracts
Hibernate: alter table if exists persons add constraint FKh6dne096vh18gfy82t8ksgykn foreign key (department_id) references department
Hibernate: alter table if exists persons_tasks add constraint FKc9vmat1cxhpeg10d4awktwyls foreign key (tasks_id) references tasks
Hibernate: alter table if exists persons_tasks add constraint FK667a8buxvqvwykbnaym74lijy foreign key (person_id) references persons
Hibernate: alter table if exists projects add constraint FKtru96bl30ntdvo4y33ap06hio foreign key (department_id) references department
Hibernate: alter table if exists projects_documents add constraint FK2pri44nl7r40fjn48xfc5qji4 foreign key (documents_id) references document
Hibernate: alter table if exists projects_documents add constraint FK93qmoxc604xkinu963eehaq47 foreign key (project_id) references projects
Hibernate: alter table if exists tasks add constraint FK54eiy214pew9vn1k6vc3p7jqh foreign key (department_id) references department
Hibernate: alter table if exists tasks add constraint FK83wtk1uwa6l9aokatgtwbnik9 foreign key (person_id) references persons
Hibernate: alter table if exists users add constraint FKmvbq8q4vpi6csivw9wcnq6ho5 foreign key (person_id) references persons
Hibernate: alter table if exists users_notifications add constraint FK17pt2krtfgoof65xdvtbpf5aw foreign key (notifications_id) references notifications
Hibernate: alter table if exists users_notifications add constraint FKil3tssmpyic5ruavb9jbbw2bb foreign key (user_id) references users
Hibernate: alter table if exists users_share_documents add constraint FKhwkojpf8q0k7hwlx970gnn8r1 foreign key (share_documents_id) references document
Hibernate: alter table if exists users_share_documents add constraint FKbe61yh1l29h0pkjiekiho8kd5 foreign key (user_id) references users
2024-03-25T16:45:43.280+03:00  INFO 5400 --- [           main] j.LocalContainerEntityManagerFactoryBean : Initialized JPA EntityManagerFactory for persistence unit 'default'
2024-03-25T16:45:44.555+03:00  WARN 5400 --- [           main] JpaBaseConfiguration$JpaWebConfiguration : spring.jpa.open-in-view is enabled by default. Therefore, database queries may be performed during view rendering. Explicitly configure spring.jpa.open-in-view to disable this warning
2024-03-25T16:45:45.625+03:00  INFO 5400 --- [           main] c.e.d.DocumentFlowApplicationTests       : Started DocumentFlowApplicationTests in 9.509 seconds (process running for 12.328)
]]></system-out>
    <system-err><![CDATA[WARNING: A Java agent has been loaded dynamically (C:\Users\sivuha\.m2\repository\net\bytebuddy\byte-buddy-agent\1.14.10\byte-buddy-agent-1.14.10.jar)
WARNING: If a serviceability tool is in use, please run with -XX:+EnableDynamicAgentLoading to hide this warning
WARNING: If a serviceability tool is not in use, please run with -Djdk.instrument.traceUsage for more information
WARNING: Dynamic loading of agents will be disallowed by default in a future release
]]></system-err>
  </testcase>
</testsuite>